[2025-11-05 20:07:48] staging.ERROR: Please provide a valid cache path. {"exception":"[object] (InvalidArgumentException(code: 0): Please provide a valid cache path. at /Users/malahmed/Development/The Lobby/main_server/the_lobby/vendor/laravel/framework/src/Illuminate/View/Compilers/Compiler.php:67)
[stacktrace]
#0 /Users/malahmed/Development/The Lobby/main_server/the_lobby/vendor/laravel/framework/src/Illuminate/View/ViewServiceProvider.php(97): Illuminate\\View\\Compilers\\Compiler->__construct(Object(Illuminate\\Filesystem\\Filesystem), false, '', true, 'php')
#1 /Users/malahmed/Development/The Lobby/main_server/the_lobby/vendor/laravel/framework/src/Illuminate/Container/Container.php(908): Illuminate\\View\\ViewServiceProvider->{closure:Illuminate\\View\\ViewServiceProvider::registerBladeCompiler():96}(Object(Illuminate\\Foundation\\Application), Array)
#2 /Users/malahmed/Development/The Lobby/main_server/the_lobby/vendor/laravel/framework/src/Illuminate/Container/Container.php(795): Illuminate\\Container\\Container->build(Object(Closure))
#3 /Users/malahmed/Development/The Lobby/main_server/the_lobby/vendor/laravel/framework/src/Illuminate/Foundation/Application.php(986): Illuminate\\Container\\Container->resolve('blade.compiler', Array, true)
#4 /Users/malahmed/Development/The Lobby/main_server/the_lobby/vendor/laravel/framework/src/Illuminate/Container/Container.php(731): Illuminate\\Foundation\\Application->resolve('blade.compiler', Array)
#5 /Users/malahmed/Development/The Lobby/main_server/the_lobby/vendor/laravel/framework/src/Illuminate/Foundation/Application.php(971): Illuminate\\Container\\Container->make('blade.compiler', Array)
#6 /Users/malahmed/Development/The Lobby/main_server/the_lobby/vendor/laravel/framework/src/Illuminate/View/ViewServiceProvider.php(168): Illuminate\\Foundation\\Application->make('blade.compiler')
#7 [internal function]: Illuminate\\View\\ViewServiceProvider->{closure:Illuminate\\View\\ViewServiceProvider::registerBladeEngine():164}()
#8 /Users/malahmed/Development/The Lobby/main_server/the_lobby/vendor/laravel/framework/src/Illuminate/View/Engines/EngineResolver.php(55): call_user_func(Object(Closure))
#9 /Users/malahmed/Development/The Lobby/main_server/the_lobby/vendor/laravel/framework/src/Illuminate/View/Factory.php(310): Illuminate\\View\\Engines\\EngineResolver->resolve('blade')
#10 /Users/malahmed/Development/The Lobby/main_server/the_lobby/vendor/laravel/framework/src/Illuminate/View/Factory.php(274): Illuminate\\View\\Factory->getEngineFromPath('/Users/malahmed...')
#11 /Users/malahmed/Development/The Lobby/main_server/the_lobby/vendor/laravel/framework/src/Illuminate/View/Factory.php(146): Illuminate\\View\\Factory->viewInstance('scribe::markdow...', '/Users/malahmed...', Array)
#12 /Users/malahmed/Development/The Lobby/main_server/the_lobby/vendor/laravel/framework/src/Illuminate/Foundation/helpers.php(1020): Illuminate\\View\\Factory->make('scribe::markdow...', Array, Array)
#13 /Users/malahmed/Development/The Lobby/main_server/the_lobby/vendor/knuckleswtf/scribe/src/Extracting/ApiDetails.php(72): view('scribe::markdow...')
#14 /Users/malahmed/Development/The Lobby/main_server/the_lobby/vendor/knuckleswtf/scribe/src/Extracting/ApiDetails.php(52): Knuckles\\Scribe\\Extracting\\ApiDetails->writeIntroMarkdownFile()
#15 /Users/malahmed/Development/The Lobby/main_server/the_lobby/vendor/knuckleswtf/scribe/src/GroupedEndpoints/GroupedEndpointsFromApp.php(281): Knuckles\\Scribe\\Extracting\\ApiDetails->writeMarkdownFiles()
#16 /Users/malahmed/Development/The Lobby/main_server/the_lobby/vendor/knuckleswtf/scribe/src/GroupedEndpoints/GroupedEndpointsFromApp.php(51): Knuckles\\Scribe\\GroupedEndpoints\\GroupedEndpointsFromApp->extractAndWriteApiDetailsToDisk()
#17 /Users/malahmed/Development/The Lobby/main_server/the_lobby/vendor/knuckleswtf/scribe/src/Commands/GenerateDocumentation.php(53): Knuckles\\Scribe\\GroupedEndpoints\\GroupedEndpointsFromApp->get()
#18 /Users/malahmed/Development/The Lobby/main_server/the_lobby/vendor/laravel/framework/src/Illuminate/Container/BoundMethod.php(36): Knuckles\\Scribe\\Commands\\GenerateDocumentation->handle(Object(Knuckles\\Scribe\\Matching\\RouteMatcher), Object(Knuckles\\Scribe\\GroupedEndpoints\\GroupedEndpointsFactory))
#19 /Users/malahmed/Development/The Lobby/main_server/the_lobby/vendor/laravel/framework/src/Illuminate/Container/Util.php(41): Illuminate\\Container\\BoundMethod::{closure:Illuminate\\Container\\BoundMethod::call():35}()
#20 /Users/malahmed/Development/The Lobby/main_server/the_lobby/vendor/laravel/framework/src/Illuminate/Container/BoundMethod.php(93): Illuminate\\Container\\Util::unwrapIfClosure(Object(Closure))
#21 /Users/malahmed/Development/The Lobby/main_server/the_lobby/vendor/laravel/framework/src/Illuminate/Container/BoundMethod.php(35): Illuminate\\Container\\BoundMethod::callBoundMethod(Object(Illuminate\\Foundation\\Application), Array, Object(Closure))
#22 /Users/malahmed/Development/The Lobby/main_server/the_lobby/vendor/laravel/framework/src/Illuminate/Container/Container.php(662): Illuminate\\Container\\BoundMethod::call(Object(Illuminate\\Foundation\\Application), Array, Array, NULL)
#23 /Users/malahmed/Development/The Lobby/main_server/the_lobby/vendor/laravel/framework/src/Illuminate/Console/Command.php(211): Illuminate\\Container\\Container->call(Array)
#24 /Users/malahmed/Development/The Lobby/main_server/the_lobby/vendor/symfony/console/Command/Command.php(326): Illuminate\\Console\\Command->execute(Object(Symfony\\Component\\Console\\Input\\ArgvInput), Object(Illuminate\\Console\\OutputStyle))
#25 /Users/malahmed/Development/The Lobby/main_server/the_lobby/vendor/laravel/framework/src/Illuminate/Console/Command.php(180): Symfony\\Component\\Console\\Command\\Command->run(Object(Symfony\\Component\\Console\\Input\\ArgvInput), Object(Illuminate\\Console\\OutputStyle))
#26 /Users/malahmed/Development/The Lobby/main_server/the_lobby/vendor/symfony/console/Application.php(1088): Illuminate\\Console\\Command->run(Object(Symfony\\Component\\Console\\Input\\ArgvInput), Object(Symfony\\Component\\Console\\Output\\ConsoleOutput))
#27 /Users/malahmed/Development/The Lobby/main_server/the_lobby/vendor/symfony/console/Application.php(324): Symfony\\Component\\Console\\Application->doRunCommand(Object(Knuckles\\Scribe\\Commands\\GenerateDocumentation), Object(Symfony\\Component\\Console\\Input\\ArgvInput), Object(Symfony\\Component\\Console\\Output\\ConsoleOutput))
#28 /Users/malahmed/Development/The Lobby/main_server/the_lobby/vendor/symfony/console/Application.php(175): Symfony\\Component\\Console\\Application->doRun(Object(Symfony\\Component\\Console\\Input\\ArgvInput), Object(Symfony\\Component\\Console\\Output\\ConsoleOutput))
#29 /Users/malahmed/Development/The Lobby/main_server/the_lobby/vendor/laravel/framework/src/Illuminate/Foundation/Console/Kernel.php(201): Symfony\\Component\\Console\\Application->run(Object(Symfony\\Component\\Console\\Input\\ArgvInput), Object(Symfony\\Component\\Console\\Output\\ConsoleOutput))
#30 /Users/malahmed/Development/The Lobby/main_server/the_lobby/artisan(35): Illuminate\\Foundation\\Console\\Kernel->handle(Object(Symfony\\Component\\Console\\Input\\ArgvInput), Object(Symfony\\Component\\Console\\Output\\ConsoleOutput))
#31 {main}
"} 
